select * from functional_kudu.zipcode_incomes where id = '8600000US00601'
---- PLAN
F00:PLAN FRAGMENT [UNPARTITIONED]
  PLAN-ROOT SINK
  |
  00:SCAN KUDU [functional_kudu.zipcode_incomes]
     kudu predicates: id = '8600000US00601'
     hosts=3 per-host-mem=unavailable
     tuple-ids=0 row-size=124B cardinality=1
---- DISTRIBUTEDPLAN
F01:PLAN FRAGMENT [UNPARTITIONED]
  PLAN-ROOT SINK
  |
  01:EXCHANGE [UNPARTITIONED]
     hosts=3 per-host-mem=unavailable
     tuple-ids=0 row-size=124B cardinality=1

F00:PLAN FRAGMENT [RANDOM]
  DATASTREAM SINK [FRAGMENT=F01, EXCHANGE=01, UNPARTITIONED]
  00:SCAN KUDU [functional_kudu.zipcode_incomes]
     kudu predicates: id = '8600000US00601'
     hosts=3 per-host-mem=0B
     tuple-ids=0 row-size=124B cardinality=1
====
# The cardinality from "zip = '2'" should dominate.
select * from functional_kudu.zipcode_incomes where id != '1' and zip = '2'
---- PLAN
F00:PLAN FRAGMENT [UNPARTITIONED]
  PLAN-ROOT SINK
  |
  00:SCAN KUDU [functional_kudu.zipcode_incomes]
     predicates: id != '1'
     kudu predicates: zip = '2'
     hosts=3 per-host-mem=unavailable
     tuple-ids=0 row-size=124B cardinality=1
---- DISTRIBUTEDPLAN
F01:PLAN FRAGMENT [UNPARTITIONED]
  PLAN-ROOT SINK
  |
  01:EXCHANGE [UNPARTITIONED]
     hosts=3 per-host-mem=unavailable
     tuple-ids=0 row-size=124B cardinality=1

F00:PLAN FRAGMENT [RANDOM]
  DATASTREAM SINK [FRAGMENT=F01, EXCHANGE=01, UNPARTITIONED]
  00:SCAN KUDU [functional_kudu.zipcode_incomes]
     predicates: id != '1'
     kudu predicates: zip = '2'
     hosts=3 per-host-mem=0B
     tuple-ids=0 row-size=124B cardinality=1
====
select * from functional_kudu.zipcode_incomes where id > '1' and zip > '2'
---- PLAN
F00:PLAN FRAGMENT [UNPARTITIONED]
  PLAN-ROOT SINK
  |
  00:SCAN KUDU [functional_kudu.zipcode_incomes]
     kudu predicates: zip > '2', id > '1'
     hosts=3 per-host-mem=unavailable
     tuple-ids=0 row-size=124B cardinality=3317
---- DISTRIBUTEDPLAN
F01:PLAN FRAGMENT [UNPARTITIONED]
  PLAN-ROOT SINK
  |
  01:EXCHANGE [UNPARTITIONED]
     hosts=3 per-host-mem=unavailable
     tuple-ids=0 row-size=124B cardinality=3317

F00:PLAN FRAGMENT [RANDOM]
  DATASTREAM SINK [FRAGMENT=F01, EXCHANGE=01, UNPARTITIONED]
  00:SCAN KUDU [functional_kudu.zipcode_incomes]
     kudu predicates: zip > '2', id > '1'
     hosts=3 per-host-mem=0B
     tuple-ids=0 row-size=124B cardinality=3317
====
select * from functional_kudu.zipcode_incomes where id = '1' or id = '2'
---- PLAN
F00:PLAN FRAGMENT [UNPARTITIONED]
  PLAN-ROOT SINK
  |
  00:SCAN KUDU [functional_kudu.zipcode_incomes]
     predicates: id = '1' OR id = '2'
     hosts=3 per-host-mem=unavailable
     tuple-ids=0 row-size=124B cardinality=2
---- DISTRIBUTEDPLAN
F01:PLAN FRAGMENT [UNPARTITIONED]
  PLAN-ROOT SINK
  |
  01:EXCHANGE [UNPARTITIONED]
     hosts=3 per-host-mem=unavailable
     tuple-ids=0 row-size=124B cardinality=2

F00:PLAN FRAGMENT [RANDOM]
  DATASTREAM SINK [FRAGMENT=F01, EXCHANGE=01, UNPARTITIONED]
  00:SCAN KUDU [functional_kudu.zipcode_incomes]
     predicates: id = '1' OR id = '2'
     hosts=3 per-host-mem=0B
     tuple-ids=0 row-size=124B cardinality=2
====
